000 (15394003.000.000) 2022-03-22 15:49:48 Job submitted from host: <128.105.244.191:9618?addrs=128.105.244.191-9618&alias=submit-1.chtc.wisc.edu&noUDP&sock=schedd_3562897_9248>
...
040 (15394003.000.000) 2022-03-22 15:50:18 Started transferring input files
	Transferring to host: <128.104.103.47:9618?addrs=128.104.103.47-9618+[2607-f388-107c-501-a236-9fff-fe3c-f3a0]-9618&alias=ahlquist0000.chtc.wisc.edu&noUDP&sock=slot8_3655_072e_34242>
...
040 (15394003.000.000) 2022-03-22 15:50:23 Finished transferring input files
...
001 (15394003.000.000) 2022-03-22 15:50:25 Job executing on host: <128.104.103.47:9618?addrs=128.104.103.47-9618+[2607-f388-107c-501-a236-9fff-fe3c-f3a0]-9618&alias=ahlquist0000.chtc.wisc.edu&noUDP&sock=startd_2919_c50a>
...
006 (15394003.000.000) 2022-03-22 15:50:34 Image size of job updated: 604
	1  -  MemoryUsage of job (MB)
	604  -  ResidentSetSize of job (KB)
...
006 (15394003.000.000) 2022-03-22 15:55:34 Image size of job updated: 5360780
	179  -  MemoryUsage of job (MB)
	182580  -  ResidentSetSize of job (KB)
...
006 (15394003.000.000) 2022-03-22 15:59:45 Image size of job updated: 5361288
	179  -  MemoryUsage of job (MB)
	182580  -  ResidentSetSize of job (KB)
...
040 (15394003.000.000) 2022-03-22 15:59:45 Started transferring output files
...
040 (15394003.000.000) 2022-03-22 15:59:45 Finished transferring output files
...
005 (15394003.000.000) 2022-03-22 15:59:45 Job terminated.
	(1) Normal termination (return value 0)
		Usr 0 00:02:23, Sys 0 00:00:24  -  Run Remote Usage
		Usr 0 00:00:00, Sys 0 00:00:00  -  Run Local Usage
		Usr 0 00:02:23, Sys 0 00:00:24  -  Total Remote Usage
		Usr 0 00:00:00, Sys 0 00:00:00  -  Total Local Usage
	60214  -  Run Bytes Sent By Job
	34824184  -  Run Bytes Received By Job
	60214  -  Total Bytes Sent By Job
	34824184  -  Total Bytes Received By Job
	Partitionable Resources :    Usage  Request Allocated Assigned
	   Cpus                 :        0        1         4 
	   Disk (KB)            : 13322658 16777216 227239495 
	   Gpus (Average)       :                 1         1 "GPU-9cbc9d87"
	   Memory (MB)          :      179     4096     47794 

	Job terminated of its own accord at 2022-03-22T20:59:45Z with exit-code 0.
...
