000 (15394374.000.000) 2022-03-22 16:50:04 Job submitted from host: <128.105.244.191:9618?addrs=128.105.244.191-9618&alias=submit-1.chtc.wisc.edu&noUDP&sock=schedd_3562897_9248>
...
040 (15394374.000.000) 2022-03-22 16:50:59 Started transferring input files
	Transferring to host: <128.104.103.47:9618?addrs=128.104.103.47-9618+[2607-f388-107c-501-a236-9fff-fe3c-f3a0]-9618&alias=ahlquist0000.chtc.wisc.edu&noUDP&sock=slot8_3655_072e_34370>
...
040 (15394374.000.000) 2022-03-22 16:51:00 Finished transferring input files
...
001 (15394374.000.000) 2022-03-22 16:51:01 Job executing on host: <128.104.103.47:9618?addrs=128.104.103.47-9618+[2607-f388-107c-501-a236-9fff-fe3c-f3a0]-9618&alias=ahlquist0000.chtc.wisc.edu&noUDP&sock=startd_2919_c50a>
...
006 (15394374.000.000) 2022-03-22 16:51:10 Image size of job updated: 2692
	3  -  MemoryUsage of job (MB)
	2664  -  ResidentSetSize of job (KB)
...
006 (15394374.000.000) 2022-03-22 16:52:25 Image size of job updated: 5219532
	3  -  MemoryUsage of job (MB)
	2664  -  ResidentSetSize of job (KB)
...
040 (15394374.000.000) 2022-03-22 16:52:25 Started transferring output files
...
040 (15394374.000.000) 2022-03-22 16:52:25 Finished transferring output files
...
005 (15394374.000.000) 2022-03-22 16:52:25 Job terminated.
	(1) Normal termination (return value 0)
		Usr 0 00:00:52, Sys 0 00:00:06  -  Run Remote Usage
		Usr 0 00:00:00, Sys 0 00:00:00  -  Run Local Usage
		Usr 0 00:00:52, Sys 0 00:00:06  -  Total Remote Usage
		Usr 0 00:00:00, Sys 0 00:00:00  -  Total Local Usage
	24151  -  Run Bytes Sent By Job
	34824144  -  Run Bytes Received By Job
	24151  -  Total Bytes Sent By Job
	34824144  -  Total Bytes Received By Job
	Partitionable Resources :    Usage  Request Allocated Assigned
	   Cpus                 :                 1         4 
	   Disk (KB)            :  1325943 16777216 227239495 
	   Gpus (Average)       :                 1         1 "GPU-9cbc9d87"
	   Memory (MB)          :        3     4096     47794 

	Job terminated of its own accord at 2022-03-22T21:52:25Z with exit-code 0.
...
