Date:  Tue Mar 22 22:40:39 CDT 2022
Host:  ahlquist0000.chtc.wisc.edu
System:  Linux x86_64 GNU/Linux
GPU: 
Tue Mar 22 22:40:39 2022       
+-----------------------------------------------------------------------------+
| NVIDIA-SMI 495.29.05    Driver Version: 495.29.05    CUDA Version: 11.5     |
|-------------------------------+----------------------+----------------------+
| GPU  Name        Persistence-M| Bus-Id        Disp.A | Volatile Uncorr. ECC |
| Fan  Temp  Perf  Pwr:Usage/Cap|         Memory-Usage | GPU-Util  Compute M. |
|                               |                      |               MIG M. |
|===============================+======================+======================|
|   0  NVIDIA GeForce ...  On   | 00000000:1A:00.0 Off |                  N/A |
| 29%   29C    P8    15W / 250W |    123MiB / 11019MiB |      0%      Default |
|                               |                      |                  N/A |
+-------------------------------+----------------------+----------------------+
|   1  NVIDIA GeForce ...  On   | 00000000:1B:00.0 Off |                  N/A |
| 29%   28C    P8     1W / 250W |   2900MiB / 11019MiB |      0%      Default |
|                               |                      |                  N/A |
+-------------------------------+----------------------+----------------------+
|   2  NVIDIA GeForce ...  On   | 00000000:3D:00.0 Off |                  N/A |
| 28%   27C    P8    20W / 250W |   2900MiB / 11019MiB |      0%      Default |
|                               |                      |                  N/A |
+-------------------------------+----------------------+----------------------+
|   3  NVIDIA GeForce ...  On   | 00000000:3E:00.0 Off |                  N/A |
| 28%   27C    P8    14W / 250W |   2900MiB / 11019MiB |      0%      Default |
|                               |                      |                  N/A |
+-------------------------------+----------------------+----------------------+
|   4  NVIDIA GeForce ...  On   | 00000000:88:00.0 Off |                  N/A |
| 29%   25C    P8     1W / 250W |   2900MiB / 11019MiB |      0%      Default |
|                               |                      |                  N/A |
+-------------------------------+----------------------+----------------------+
|   5  NVIDIA GeForce ...  On   | 00000000:89:00.0 Off |                  N/A |
| 29%   27C    P8     2W / 250W |   2940MiB / 11019MiB |      0%      Default |
|                               |                      |                  N/A |
+-------------------------------+----------------------+----------------------+
|   6  NVIDIA GeForce ...  On   | 00000000:B1:00.0 Off |                  N/A |
| 28%   29C    P8    19W / 250W |   2900MiB / 11019MiB |      0%      Default |
|                               |                      |                  N/A |
+-------------------------------+----------------------+----------------------+
|   7  NVIDIA GeForce ...  On   | 00000000:B2:00.0 Off |                  N/A |
| 29%   27C    P8    20W / 250W |   2940MiB / 11019MiB |      0%      Default |
|                               |                      |                  N/A |
+-------------------------------+----------------------+----------------------+
                                                                               
+-----------------------------------------------------------------------------+
| Processes:                                                                  |
|  GPU   GI   CI        PID   Type   Process name                  GPU Memory |
|        ID   ID                                                   Usage      |
|=============================================================================|
|    1   N/A  N/A     72951      C   python                           2817MiB |
|    2   N/A  N/A     73843      C   python                           2817MiB |
|    3   N/A  N/A     72305      C   python                           2817MiB |
|    4   N/A  N/A     72670      C   python                           2817MiB |
|    5   N/A  N/A     73512      C   python                           2817MiB |
|    6   N/A  N/A     74454      C   python                           2817MiB |
|    7   N/A  N/A     73265      C   python                           2817MiB |
+-----------------------------------------------------------------------------+
PREFIX=/var/lib/condor/execute/slot1/dir_74769/miniconda3
Unpacking payload ...
Collecting package metadata (current_repodata.json): ...working... done
Solving environment: ...working... done

## Package Plan ##

  environment location: /var/lib/condor/execute/slot1/dir_74769/miniconda3

  added / updated specs:
    - _libgcc_mutex==0.1=main
    - asn1crypto==1.3.0=py37_0
    - ca-certificates==2020.1.1=0
    - certifi==2019.11.28=py37_0
    - cffi==1.14.0=py37h2e261b9_0
    - chardet==3.0.4=py37_1003
    - conda-package-handling==1.6.0=py37h7b6447c_0
    - conda==4.8.2=py37_0
    - cryptography==2.8=py37h1ba5d50_0
    - idna==2.8=py37_0
    - ld_impl_linux-64==2.33.1=h53a641e_7
    - libedit==3.1.20181209=hc058e9b_0
    - libffi==3.2.1=hd88cf55_4
    - libgcc-ng==9.1.0=hdf63c60_0
    - libstdcxx-ng==9.1.0=hdf63c60_0
    - ncurses==6.2=he6710b0_0
    - openssl==1.1.1d=h7b6447c_4
    - pip==20.0.2=py37_1
    - pycosat==0.6.3=py37h7b6447c_0
    - pycparser==2.19=py37_0
    - pyopenssl==19.1.0=py37_0
    - pysocks==1.7.1=py37_0
    - python==3.7.6=h0371630_2
    - readline==7.0=h7b6447c_5
    - requests==2.22.0=py37_1
    - ruamel_yaml==0.15.87=py37h7b6447c_0
    - setuptools==45.2.0=py37_0
    - six==1.14.0=py37_0
    - sqlite==3.31.1=h7b6447c_0
    - tk==8.6.8=hbc83047_0
    - tqdm==4.42.1=py_0
    - urllib3==1.25.8=py37_0
    - wheel==0.34.2=py37_0
    - xz==5.2.4=h14c3975_4
    - yaml==0.1.7=had09818_2
    - zlib==1.2.11=h7b6447c_3


The following NEW packages will be INSTALLED:

  _libgcc_mutex      pkgs/main/linux-64::_libgcc_mutex-0.1-main
  asn1crypto         pkgs/main/linux-64::asn1crypto-1.3.0-py37_0
  ca-certificates    pkgs/main/linux-64::ca-certificates-2020.1.1-0
  certifi            pkgs/main/linux-64::certifi-2019.11.28-py37_0
  cffi               pkgs/main/linux-64::cffi-1.14.0-py37h2e261b9_0
  chardet            pkgs/main/linux-64::chardet-3.0.4-py37_1003
  conda              pkgs/main/linux-64::conda-4.8.2-py37_0
  conda-package-han~ pkgs/main/linux-64::conda-package-handling-1.6.0-py37h7b6447c_0
  cryptography       pkgs/main/linux-64::cryptography-2.8-py37h1ba5d50_0
  idna               pkgs/main/linux-64::idna-2.8-py37_0
  ld_impl_linux-64   pkgs/main/linux-64::ld_impl_linux-64-2.33.1-h53a641e_7
  libedit            pkgs/main/linux-64::libedit-3.1.20181209-hc058e9b_0
  libffi             pkgs/main/linux-64::libffi-3.2.1-hd88cf55_4
  libgcc-ng          pkgs/main/linux-64::libgcc-ng-9.1.0-hdf63c60_0
  libstdcxx-ng       pkgs/main/linux-64::libstdcxx-ng-9.1.0-hdf63c60_0
  ncurses            pkgs/main/linux-64::ncurses-6.2-he6710b0_0
  openssl            pkgs/main/linux-64::openssl-1.1.1d-h7b6447c_4
  pip                pkgs/main/linux-64::pip-20.0.2-py37_1
  pycosat            pkgs/main/linux-64::pycosat-0.6.3-py37h7b6447c_0
  pycparser          pkgs/main/linux-64::pycparser-2.19-py37_0
  pyopenssl          pkgs/main/linux-64::pyopenssl-19.1.0-py37_0
  pysocks            pkgs/main/linux-64::pysocks-1.7.1-py37_0
  python             pkgs/main/linux-64::python-3.7.6-h0371630_2
  readline           pkgs/main/linux-64::readline-7.0-h7b6447c_5
  requests           pkgs/main/linux-64::requests-2.22.0-py37_1
  ruamel_yaml        pkgs/main/linux-64::ruamel_yaml-0.15.87-py37h7b6447c_0
  setuptools         pkgs/main/linux-64::setuptools-45.2.0-py37_0
  six                pkgs/main/linux-64::six-1.14.0-py37_0
  sqlite             pkgs/main/linux-64::sqlite-3.31.1-h7b6447c_0
  tk                 pkgs/main/linux-64::tk-8.6.8-hbc83047_0
  tqdm               pkgs/main/noarch::tqdm-4.42.1-py_0
  urllib3            pkgs/main/linux-64::urllib3-1.25.8-py37_0
  wheel              pkgs/main/linux-64::wheel-0.34.2-py37_0
  xz                 pkgs/main/linux-64::xz-5.2.4-h14c3975_4
  yaml               pkgs/main/linux-64::yaml-0.1.7-had09818_2
  zlib               pkgs/main/linux-64::zlib-1.2.11-h7b6447c_3


Preparing transaction: ...working... done
Executing transaction: ...working... done
installation finished.
Collecting package metadata (current_repodata.json): ...working... done
Solving environment: ...working... failed with initial frozen solve. Retrying with flexible solve.
Collecting package metadata (repodata.json): ...working... done
Solving environment: ...working... done

## Package Plan ##

  environment location: /var/lib/condor/execute/slot1/dir_74769/miniconda3

  added / updated specs:
    - conda=4.8.3


The following packages will be downloaded:

    package                    |            build
    ---------------------------|-----------------
    ca-certificates-2022.2.1   |       h06a4308_0         122 KB
    certifi-2021.10.8          |   py37h06a4308_2         151 KB
    conda-4.8.3                |           py37_0         2.8 MB
    openssl-1.1.1n             |       h7f8727e_0         2.5 MB
    ------------------------------------------------------------
                                           Total:         5.6 MB

The following packages will be UPDATED:

  ca-certificates                                2020.1.1-0 --> 2022.2.1-h06a4308_0
  certifi                                 2019.11.28-py37_0 --> 2021.10.8-py37h06a4308_2
  conda                                        4.8.2-py37_0 --> 4.8.3-py37_0
  openssl                                 1.1.1d-h7b6447c_4 --> 1.1.1n-h7f8727e_0


Proceed ([y]/n)? 

Downloading and Extracting Packages
conda-4.8.3          | 2.8 MB    |            |   0% conda-4.8.3          | 2.8 MB    | ####5      |  45% conda-4.8.3          | 2.8 MB    | ########## | 100% 
openssl-1.1.1n       | 2.5 MB    |            |   0% openssl-1.1.1n       | 2.5 MB    | ########## | 100% 
certifi-2021.10.8    | 151 KB    |            |   0% certifi-2021.10.8    | 151 KB    | ########## | 100% 
ca-certificates-2022 | 122 KB    |            |   0% ca-certificates-2022 | 122 KB    | ########## | 100% 
Preparing transaction: ...working... done
Verifying transaction: ...working... done
Executing transaction: ...working... done
Collecting package metadata (repodata.json): ...working... done
Solving environment: ...working... 
Found conflicts! Looking for incompatible packages.
This can take several minutes.  Press CTRL-C to abort.
failed
Solving environment: ...working... 
Found conflicts! Looking for incompatible packages.
This can take several minutes.  Press CTRL-C to abort.
failed
# packages in environment at /var/lib/condor/execute/slot1/dir_74769/miniconda3:
#
# Name                    Version                   Build  Channel
_libgcc_mutex             0.1                        main  
asn1crypto                1.3.0                    py37_0  
ca-certificates           2022.2.1             h06a4308_0  
certifi                   2021.10.8        py37h06a4308_2  
cffi                      1.14.0           py37h2e261b9_0  
chardet                   3.0.4                 py37_1003  
conda                     4.8.3                    py37_0  
conda-package-handling    1.6.0            py37h7b6447c_0  
cryptography              2.8              py37h1ba5d50_0  
idna                      2.8                      py37_0  
ld_impl_linux-64          2.33.1               h53a641e_7  
libedit                   3.1.20181209         hc058e9b_0  
libffi                    3.2.1                hd88cf55_4  
libgcc-ng                 9.1.0                hdf63c60_0  
libstdcxx-ng              9.1.0                hdf63c60_0  
ncurses                   6.2                  he6710b0_0  
openssl                   1.1.1n               h7f8727e_0  
pip                       20.0.2                   py37_1  
pycosat                   0.6.3            py37h7b6447c_0  
pycparser                 2.19                     py37_0  
pyopenssl                 19.1.0                   py37_0  
pysocks                   1.7.1                    py37_0  
python                    3.7.6                h0371630_2  
readline                  7.0                  h7b6447c_5  
requests                  2.22.0                   py37_1  
ruamel_yaml               0.15.87          py37h7b6447c_0  
setuptools                45.2.0                   py37_0  
six                       1.14.0                   py37_0  
sqlite                    3.31.1               h7b6447c_0  
tk                        8.6.8                hbc83047_0  
tqdm                      4.42.1                     py_0  
urllib3                   1.25.8                   py37_0  
wheel                     0.34.2                   py37_0  
xz                        5.2.4                h14c3975_4  
yaml                      0.1.7                had09818_2  
zlib                      1.2.11               h7b6447c_3  
Execution Time: 
MNIST_data.tar.gz
_condor_stderr
_condor_stdout
condor_exec.exe
data
environment.yml
main.py
miniconda3
tmp
var
