000 (15393934.000.000) 2022-03-22 15:39:01 Job submitted from host: <128.105.244.191:9618?addrs=128.105.244.191-9618&alias=submit-1.chtc.wisc.edu&noUDP&sock=schedd_3562897_9248>
...
040 (15393934.000.000) 2022-03-22 15:40:09 Started transferring input files
	Transferring to host: <128.104.103.47:9618?addrs=128.104.103.47-9618+[2607-f388-107c-501-a236-9fff-fe3c-f3a0]-9618&alias=ahlquist0000.chtc.wisc.edu&noUDP&sock=slot1_3655_072e_34218>
...
040 (15393934.000.000) 2022-03-22 15:40:10 Finished transferring input files
...
001 (15393934.000.000) 2022-03-22 15:40:11 Job executing on host: <128.104.103.47:9618?addrs=128.104.103.47-9618+[2607-f388-107c-501-a236-9fff-fe3c-f3a0]-9618&alias=ahlquist0000.chtc.wisc.edu&noUDP&sock=startd_2919_c50a>
...
006 (15393934.000.000) 2022-03-22 15:40:19 Image size of job updated: 186160
	154  -  MemoryUsage of job (MB)
	157240  -  ResidentSetSize of job (KB)
...
006 (15393934.000.000) 2022-03-22 15:45:20 Image size of job updated: 5361308
	308  -  MemoryUsage of job (MB)
	314928  -  ResidentSetSize of job (KB)
...
040 (15393934.000.000) 2022-03-22 15:46:20 Started transferring output files
...
040 (15393934.000.000) 2022-03-22 15:46:20 Finished transferring output files
...
005 (15393934.000.000) 2022-03-22 15:46:20 Job terminated.
	(1) Normal termination (return value 0)
		Usr 0 00:01:59, Sys 0 00:00:22  -  Run Remote Usage
		Usr 0 00:00:00, Sys 0 00:00:00  -  Run Local Usage
		Usr 0 00:01:59, Sys 0 00:00:22  -  Total Remote Usage
		Usr 0 00:00:00, Sys 0 00:00:00  -  Total Local Usage
	48696  -  Run Bytes Sent By Job
	34824284  -  Run Bytes Received By Job
	48696  -  Total Bytes Sent By Job
	34824284  -  Total Bytes Received By Job
	Partitionable Resources :       Usage  Request Allocated Assigned
	   Cpus                 :        0.08        1         4 
	   Disk (KB)            : 13322647    16777216 227239495 
	   Gpus (Average)       :                    1         1 "GPU-ebcd15a8"
	   Memory (MB)          :      308        4096     47794 

	Job terminated of its own accord at 2022-03-22T20:46:19Z with exit-code 0.
...
