000 (15404246.000.000) 2022-03-24 00:36:17 Job submitted from host: <128.105.244.191:9618?addrs=128.105.244.191-9618&alias=submit-1.chtc.wisc.edu&noUDP&sock=schedd_3562897_9248>
...
040 (15404246.000.000) 2022-03-24 00:37:11 Started transferring input files
	Transferring to host: <128.105.68.75:9618?addrs=128.105.68.75-9618&alias=oconnorgpu2000.chtc.wisc.edu&noUDP&sock=slot3_2489_79be_84741>
...
040 (15404246.000.000) 2022-03-24 00:37:11 Finished transferring input files
...
001 (15404246.000.000) 2022-03-24 00:37:11 Job executing on host: <128.105.68.75:9618?addrs=128.105.68.75-9618&alias=oconnorgpu2000.chtc.wisc.edu&noUDP&sock=startd_11142_1050>
...
006 (15404246.000.000) 2022-03-24 00:37:20 Image size of job updated: 286712
	170  -  MemoryUsage of job (MB)
	173252  -  ResidentSetSize of job (KB)
...
006 (15404246.000.000) 2022-03-24 00:42:21 Image size of job updated: 5462200
	176  -  MemoryUsage of job (MB)
	179264  -  ResidentSetSize of job (KB)
...
006 (15404246.000.000) 2022-03-24 00:47:21 Image size of job updated: 40905824
	8755  -  MemoryUsage of job (MB)
	8964540  -  ResidentSetSize of job (KB)
...
006 (15404246.000.000) 2022-03-24 00:49:47 Image size of job updated: 41810984
	8889  -  MemoryUsage of job (MB)
	9101692  -  ResidentSetSize of job (KB)
...
040 (15404246.000.000) 2022-03-24 00:49:47 Started transferring output files
...
040 (15404246.000.000) 2022-03-24 00:49:53 Finished transferring output files
...
005 (15404246.000.000) 2022-03-24 00:49:53 Job terminated.
	(1) Normal termination (return value 0)
		Usr 0 00:11:39, Sys 0 00:01:35  -  Run Remote Usage
		Usr 0 00:00:00, Sys 0 00:00:00  -  Run Local Usage
		Usr 0 00:11:39, Sys 0 00:01:35  -  Total Remote Usage
		Usr 0 00:00:00, Sys 0 00:00:00  -  Total Local Usage
	1192939264  -  Run Bytes Sent By Job
	34824168  -  Run Bytes Received By Job
	1192939264  -  Total Bytes Sent By Job
	34824168  -  Total Bytes Received By Job
	Partitionable Resources :       Usage  Request Allocated Assigned
	   Cpus                 :        0.56        1        24 
	   Disk (KB)            : 30156283    16777216 872049735 
	   Gpus (Average)       :                    1         1 "GPU-808b4566"
	   Memory (MB)          :     8889        4096    512189 

	Job terminated of its own accord at 2022-03-24T05:49:47Z with exit-code 0.
...
