000 (15669507.000.000) 2022-04-26 01:15:49 Job submitted from host: <128.105.244.191:9618?addrs=128.105.244.191-9618&alias=submit-1.chtc.wisc.edu&noUDP&sock=schedd_3562897_9248>
...
040 (15669507.000.000) 2022-04-26 01:16:28 Started transferring input files
	Transferring to host: <128.104.103.47:9618?addrs=128.104.103.47-9618+[2607-f388-107c-501-a236-9fff-fe3c-f3a0]-9618&alias=ahlquist0000.chtc.wisc.edu&noUDP&sock=slot8_75130_a1a8_20224>
...
040 (15669507.000.000) 2022-04-26 01:16:29 Finished transferring input files
...
001 (15669507.000.000) 2022-04-26 01:16:29 Job executing on host: <128.104.103.47:9618?addrs=128.104.103.47-9618+[2607-f388-107c-501-a236-9fff-fe3c-f3a0]-9618&alias=ahlquist0000.chtc.wisc.edu&noUDP&sock=startd_2919_c50a>
...
006 (15669507.000.000) 2022-04-26 01:16:38 Image size of job updated: 200392
	192  -  MemoryUsage of job (MB)
	195608  -  ResidentSetSize of job (KB)
...
006 (15669507.000.000) 2022-04-26 01:21:39 Image size of job updated: 5489612
	194  -  MemoryUsage of job (MB)
	197656  -  ResidentSetSize of job (KB)
...
006 (15669507.000.000) 2022-04-26 01:26:40 Image size of job updated: 37085972
	8371  -  MemoryUsage of job (MB)
	8571028  -  ResidentSetSize of job (KB)
...
006 (15669507.000.000) 2022-04-26 01:31:41 Image size of job updated: 47253440
	8397  -  MemoryUsage of job (MB)
	8597948  -  ResidentSetSize of job (KB)
...
006 (15669507.000.000) 2022-04-26 16:03:01 Image size of job updated: 47802548
	17386  -  MemoryUsage of job (MB)
	17802700  -  ResidentSetSize of job (KB)
...
006 (15669507.000.000) 2022-04-26 16:08:01 Image size of job updated: 48739152
	17409  -  MemoryUsage of job (MB)
	17826756  -  ResidentSetSize of job (KB)
...
006 (15669507.000.000) 2022-04-27 07:08:38 Image size of job updated: 49735576
	17409  -  MemoryUsage of job (MB)
	17826756  -  ResidentSetSize of job (KB)
...
006 (15669507.000.000) 2022-04-28 13:42:07 Image size of job updated: 49735576
	17988  -  MemoryUsage of job (MB)
	18419088  -  ResidentSetSize of job (KB)
...
006 (15669507.000.000) 2022-04-28 13:47:07 Image size of job updated: 49735576
	18016  -  MemoryUsage of job (MB)
	18447624  -  ResidentSetSize of job (KB)
...
007 (15669507.000.000) 2022-04-29 01:16:33 Shadow exception!
	Error from slot8@ahlquist0000.chtc.wisc.edu: Job failed to complete in 72 hrs
	0  -  Run Bytes Sent By Job
	34824352  -  Run Bytes Received By Job
...
012 (15669507.000.000) 2022-04-29 01:16:33 Job was held.
	Error from slot8@ahlquist0000.chtc.wisc.edu: Job failed to complete in 72 hrs
	Code 21 Subcode 0
...
