000 (15676454.000.000) 2022-05-02 13:23:53 Job submitted from host: <128.105.244.191:9618?addrs=128.105.244.191-9618&alias=submit-1.chtc.wisc.edu&noUDP&sock=schedd_3562897_9248>
...
040 (15676454.000.000) 2022-05-02 13:25:06 Started transferring input files
	Transferring to host: <128.104.103.104:9618?addrs=128.104.103.104-9618+[2607-f388-107c-501-ae1f-6bff-fe40-ce2e]-9618&alias=gitter0000.chtc.wisc.edu&noUDP&sock=slot1_56125_e3c3_38490>
...
040 (15676454.000.000) 2022-05-02 13:25:06 Finished transferring input files
...
001 (15676454.000.000) 2022-05-02 13:25:06 Job executing on host: <128.104.103.104:9618?addrs=128.104.103.104-9618+[2607-f388-107c-501-ae1f-6bff-fe40-ce2e]-9618&alias=gitter0000.chtc.wisc.edu&noUDP&sock=startd_2542_2dd5>
...
006 (15676454.000.000) 2022-05-02 13:25:16 Image size of job updated: 118028
	111  -  MemoryUsage of job (MB)
	112684  -  ResidentSetSize of job (KB)
...
006 (15676454.000.000) 2022-05-02 13:30:16 Image size of job updated: 5462200
	306  -  MemoryUsage of job (MB)
	313124  -  ResidentSetSize of job (KB)
...
006 (15676454.000.000) 2022-05-02 13:35:16 Image size of job updated: 42804972
	9176  -  MemoryUsage of job (MB)
	9395564  -  ResidentSetSize of job (KB)
...
006 (15676454.000.000) 2022-05-02 13:40:16 Image size of job updated: 49035324
	9203  -  MemoryUsage of job (MB)
	9423340  -  ResidentSetSize of job (KB)
...
006 (15676454.000.000) 2022-05-03 00:01:21 Image size of job updated: 49035324
	10880  -  MemoryUsage of job (MB)
	11141104  -  ResidentSetSize of job (KB)
...
006 (15676454.000.000) 2022-05-03 00:06:21 Image size of job updated: 50970900
	10904  -  MemoryUsage of job (MB)
	11165444  -  ResidentSetSize of job (KB)
...
