000 (15314109.000.000) 2022-03-15 10:52:27 Job submitted from host: <128.105.244.191:9618?addrs=128.105.244.191-9618&alias=submit-1.chtc.wisc.edu&noUDP&sock=schedd_3562897_9248>
...
040 (15314109.000.000) 2022-03-15 10:52:35 Started transferring input files
	Transferring to host: <128.104.103.46:9618?addrs=128.104.103.46-9618+[2607-f388-107c-501-ae1f-6bff-feac-5e02]-9618&alias=vetsigian0000.chtc.wisc.edu&noUDP&sock=slot1_5_142243_cfb1_12048>
...
040 (15314109.000.000) 2022-03-15 10:52:35 Finished transferring input files
...
001 (15314109.000.000) 2022-03-15 10:52:36 Job executing on host: <128.104.103.46:9618?addrs=128.104.103.46-9618+[2607-f388-107c-501-ae1f-6bff-feac-5e02]-9618&alias=vetsigian0000.chtc.wisc.edu&noUDP&sock=startd_142122_7303>
...
006 (15314109.000.000) 2022-03-15 10:52:44 Image size of job updated: 162336
	40  -  MemoryUsage of job (MB)
	40836  -  ResidentSetSize of job (KB)
...
006 (15314109.000.000) 2022-03-15 10:57:45 Image size of job updated: 18721620
	1667  -  MemoryUsage of job (MB)
	1706888  -  ResidentSetSize of job (KB)
...
006 (15314109.000.000) 2022-03-15 11:02:46 Image size of job updated: 18722272
	1667  -  MemoryUsage of job (MB)
	1706888  -  ResidentSetSize of job (KB)
...
040 (15314109.000.000) 2022-03-15 11:04:37 Started transferring output files
...
040 (15314109.000.000) 2022-03-15 11:04:37 Finished transferring output files
...
005 (15314109.000.000) 2022-03-15 11:04:38 Job terminated.
	(1) Normal termination (return value 0)
		Usr 0 00:12:40, Sys 0 00:01:04  -  Run Remote Usage
		Usr 0 00:00:00, Sys 0 00:00:00  -  Run Local Usage
		Usr 0 00:12:40, Sys 0 00:01:04  -  Total Remote Usage
		Usr 0 00:00:00, Sys 0 00:00:00  -  Total Local Usage
	1861474  -  Run Bytes Sent By Job
	34823612  -  Run Bytes Received By Job
	1861474  -  Total Bytes Sent By Job
	34823612  -  Total Bytes Received By Job
	Partitionable Resources :       Usage  Request Allocated Assigned
	   Cpus                 :        0.98        1         1 
	   Disk (KB)            : 13367389    20971520  25495662 
	   Gpus (Average)       :        0.01        1         1 "GPU-6bf09b02"
	   GpusMemory (MB)      :      949                       
	   IoHeavy              :                              0 
	   Memory (MB)          :     1667        8192      8192 

	Job terminated of its own accord at 2022-03-15T16:04:37Z with exit-code 0.
...
