000 (15329529.000.000) 2022-03-16 17:45:15 Job submitted from host: <128.105.244.191:9618?addrs=128.105.244.191-9618&alias=submit-1.chtc.wisc.edu&noUDP&sock=schedd_3562897_9248>
...
040 (15329529.000.000) 2022-03-16 17:45:19 Started transferring input files
	Transferring to host: <128.105.68.141:9618?addrs=128.105.68.141-9618&alias=gpu2001.chtc.wisc.edu&noUDP&sock=slot1_1_84460_75e4_73774>
...
040 (15329529.000.000) 2022-03-16 17:45:19 Finished transferring input files
...
001 (15329529.000.000) 2022-03-16 17:45:20 Job executing on host: <128.105.68.141:9618?addrs=128.105.68.141-9618&alias=gpu2001.chtc.wisc.edu&noUDP&sock=startd_4381_9480>
...
006 (15329529.000.000) 2022-03-16 17:45:30 Image size of job updated: 90088
	50  -  MemoryUsage of job (MB)
	50960  -  ResidentSetSize of job (KB)
...
006 (15329529.000.000) 2022-03-16 17:50:30 Image size of job updated: 26028208
	1191  -  MemoryUsage of job (MB)
	1219176  -  ResidentSetSize of job (KB)
...
006 (15329529.000.000) 2022-03-16 17:51:49 Image size of job updated: 26028208
	1191  -  MemoryUsage of job (MB)
	1219232  -  ResidentSetSize of job (KB)
...
040 (15329529.000.000) 2022-03-16 17:51:49 Started transferring output files
...
040 (15329529.000.000) 2022-03-16 17:51:49 Finished transferring output files
...
005 (15329529.000.000) 2022-03-16 17:51:50 Job terminated.
	(1) Normal termination (return value 0)
		Usr 0 00:06:12, Sys 0 00:00:39  -  Run Remote Usage
		Usr 0 00:00:00, Sys 0 00:00:00  -  Run Local Usage
		Usr 0 00:06:12, Sys 0 00:00:39  -  Total Remote Usage
		Usr 0 00:00:00, Sys 0 00:00:00  -  Total Local Usage
	85453  -  Run Bytes Sent By Job
	34823620  -  Run Bytes Received By Job
	85453  -  Total Bytes Sent By Job
	34823620  -  Total Bytes Received By Job
	Partitionable Resources :       Usage  Request Allocated Assigned
	   Cpus                 :        1.20        1         1 
	   Disk (KB)            : 13365686    20971520  21713920 
	   Gpus (Average)       :                    1         1 "GPU-ddc1c098"
	   IoHeavy              :                              0 
	   Memory (MB)          :     1191        8192      8192 

	Job terminated of its own accord at 2022-03-16T22:51:49Z with exit-code 0.
...
